<?xml version="1.0" encoding="UTF-8"?>
<testng-results total="3" passed="3" failed="0" skipped="0">
  <reporter-output>
    <line>
      <![CDATA[application launched<br>]]>
    </line>
    <line>
      <![CDATA[login sucess<br>]]>
    </line>
    <line>
      <![CDATA[mail sent successfully<br>]]>
    </line>
  </reporter-output>
  <suite started-at="2019-09-24T08:56:11Z" name="Default suite" finished-at="2019-09-24T08:57:06Z" duration-ms="55241">
    <groups>
    </groups>
    <test started-at="2019-09-24T08:56:11Z" name="Default test" finished-at="2019-09-24T08:57:06Z" duration-ms="55241">
      <class name="gmail.got">
        <test-method signature="launchbrowser()[pri:0, instance:gmail.got@222114ba]" started-at="2019-09-24T14:26:11Z" name="launchbrowser" finished-at="2019-09-24T14:26:22Z" duration-ms="11406" status="PASS">
          <reporter-output>
            <line>
              <![CDATA[application launched<br>]]>
            </line>
          </reporter-output>
        </test-method> <!-- launchbrowser -->
        <test-method signature="login()[pri:0, instance:gmail.got@222114ba]" started-at="2019-09-24T14:26:22Z" name="login" finished-at="2019-09-24T14:26:39Z" duration-ms="16830" status="PASS">
          <reporter-output>
            <line>
              <![CDATA[login sucess<br>]]>
            </line>
          </reporter-output>
        </test-method> <!-- login -->
        <test-method signature="mail()[pri:0, instance:gmail.got@222114ba]" started-at="2019-09-24T14:26:39Z" name="mail" finished-at="2019-09-24T14:27:06Z" duration-ms="26971" status="PASS">
          <reporter-output>
            <line>
              <![CDATA[mail sent successfully<br>]]>
            </line>
          </reporter-output>
        </test-method> <!-- mail -->
      </class> <!-- gmail.got -->
    </test> <!-- Default test -->
  </suite> <!-- Default suite -->
</testng-results>
